<?xml version="1.0" encoding="UTF-8"?>
<testng-results skipped="0" failed="0" total="1" passed="1">
  <reporter-output>
  </reporter-output>
  <suite name="Suite" duration-ms="35281" started-at="2018-09-02T05:49:46Z" finished-at="2018-09-02T05:50:21Z">
    <groups>
      <group name="cucumber">
        <method signature="AbstractTestNGCucumberTests.feature(cucumber.api.testng.CucumberFeatureWrapper)[pri:0, instance:com.cucumber.DemoCucumber.RunnerTest@204f30ec]" name="feature" class="cucumber.api.testng.AbstractTestNGCucumberTests"/>
      </group> <!-- cucumber -->
    </groups>
    <test name="RegistrationRunner" duration-ms="35281" started-at="2018-09-02T05:49:46Z" finished-at="2018-09-02T05:50:21Z">
      <class name="com.cucumber.DemoCucumber.RunnerTest">
        <test-method status="PASS" signature="setUpClass()[pri:0, instance:com.cucumber.DemoCucumber.RunnerTest@204f30ec]" name="setUpClass" is-config="true" duration-ms="795" started-at="2018-09-02T11:19:46Z" finished-at="2018-09-02T11:19:47Z">
          <reporter-output>
          </reporter-output>
        </test-method> <!-- setUpClass -->
        <test-method status="PASS" signature="feature(cucumber.api.testng.CucumberFeatureWrapper)[pri:0, instance:com.cucumber.DemoCucumber.RunnerTest@204f30ec]" name="feature" duration-ms="34076" started-at="2018-09-02T11:19:47Z" description="Runs Cucumber Feature" data-provider="features" finished-at="2018-09-02T11:20:21Z">
          <params>
            <param index="0">
              <value>
                <![CDATA[Login Functionslity]]>
              </value>
            </param>
          </params>
          <reporter-output>
          </reporter-output>
        </test-method> <!-- feature -->
        <test-method status="PASS" signature="tearDownClass()[pri:0, instance:com.cucumber.DemoCucumber.RunnerTest@204f30ec]" name="tearDownClass" is-config="true" duration-ms="61" started-at="2018-09-02T11:20:21Z" finished-at="2018-09-02T11:20:21Z">
          <reporter-output>
          </reporter-output>
        </test-method> <!-- tearDownClass -->
      </class> <!-- com.cucumber.DemoCucumber.RunnerTest -->
    </test> <!-- RegistrationRunner -->
  </suite> <!-- Suite -->
</testng-results>
